Server running at http://127.0.0.1:9443/
Opening redis connection to redis://127.0.0.1:6379
[ rLGmkBvdexK3ub90AAAA: 'unknown' ]
[ zDnmezK6QWKpfF0xAAAB: 'unknown' ]
[ zDnmezK6QWKpfF0xAAAB: 'unknown', l0nVAR5xnFRC_cVWAAAC: 'unknown' ]
[ '1F9YvFm7hjQ3ZbWbAAAF': 'unknown' ]
[ '1F9YvFm7hjQ3ZbWbAAAF': 'unknown', BF5SGgDxQa_rCw7sAAAG: 'unknown' ]
[
  '1F9YvFm7hjQ3ZbWbAAAF': 'unknown',
  BF5SGgDxQa_rCw7sAAAG: 'unknown',
  'Xh2JvoE-73KYB5YrAAAH': 'unknown'
]
[
  '1F9YvFm7hjQ3ZbWbAAAF': 'unknown',
  BF5SGgDxQa_rCw7sAAAG: 'unknown',
  'Xh2JvoE-73KYB5YrAAAH': 'unknown',
  'oJAwJ9ao0-u4UL_hAAAI': 'unknown'
]
[
  '1F9YvFm7hjQ3ZbWbAAAF': 'unknown',
  BF5SGgDxQa_rCw7sAAAG: 'unknown',
  'Xh2JvoE-73KYB5YrAAAH': 'unknown',
  'oJAwJ9ao0-u4UL_hAAAI': 'unknown',
  '-wYw0M_jv8qNnUnSAAAJ': 'unknown'
]
[
  '1F9YvFm7hjQ3ZbWbAAAF': 'unknown',
  BF5SGgDxQa_rCw7sAAAG: 'unknown',
  'Xh2JvoE-73KYB5YrAAAH': 'unknown',
  'oJAwJ9ao0-u4UL_hAAAI': 'unknown',
  '-wYw0M_jv8qNnUnSAAAJ': 'unknown',
  KlS5eeatFdkTDjH6AAAK: 'unknown'
]
[
  '1F9YvFm7hjQ3ZbWbAAAF': 'unknown',
  BF5SGgDxQa_rCw7sAAAG: 'unknown',
  'Xh2JvoE-73KYB5YrAAAH': 'unknown',
  'oJAwJ9ao0-u4UL_hAAAI': 'unknown',
  '-wYw0M_jv8qNnUnSAAAJ': 'unknown',
  KlS5eeatFdkTDjH6AAAK: 'unknown',
  'c1Sxi-jLhcXN5fNzAAAL': 'unknown'
]
[ '-OTekBo0UoqrAo7NAAAX': 'unknown' ]
[ p0QVryXpXH28JXM2AAAl: 'unknown' ]
[ gZ66HgDY7hO2oCluAAAo: 'unknown' ]
[ gZ66HgDY7hO2oCluAAAo: 'unknown', 'Deg71-o2HfvdPsQFAAAp': 'unknown' ]
[
  gZ66HgDY7hO2oCluAAAo: 'unknown',
  'Deg71-o2HfvdPsQFAAAp': 'unknown',
  fb7gTyFNjeBSxCgPAAAq: 'unknown'
]
[
  gZ66HgDY7hO2oCluAAAo: 'unknown',
  'Deg71-o2HfvdPsQFAAAp': 'unknown',
  '28BDj0jWNArtVrb8AAAr': 'unknown'
]
[
  gZ66HgDY7hO2oCluAAAo: 'unknown',
  'Deg71-o2HfvdPsQFAAAp': 'unknown',
  qw1LhLeEWeQ7Pc3GAAAs: 'unknown'
]
[
  gZ66HgDY7hO2oCluAAAo: 'unknown',
  'Deg71-o2HfvdPsQFAAAp': 'unknown',
  UTmjZo3xwHnhZcvTAAAt: 'unknown'
]
[
  gZ66HgDY7hO2oCluAAAo: 'unknown',
  'Deg71-o2HfvdPsQFAAAp': 'unknown',
  yw0CHg40ciqqHUVTAAAu: 'unknown'
]
[
  gZ66HgDY7hO2oCluAAAo: 'unknown',
  'Deg71-o2HfvdPsQFAAAp': 'unknown',
  C3UEz7iAXHtKzGNIAAAv: 'unknown'
]
Redis error: Error: Redis connection to 127.0.0.1:6379 failed - connect ECONNREFUSED 127.0.0.1:6379
Redis error: Error: Redis connection to 127.0.0.1:6379 failed - connect ECONNREFUSED 127.0.0.1:6379
Redis error: Error: Redis connection to 127.0.0.1:6379 failed - connect ECONNREFUSED 127.0.0.1:6379
Redis error: Error: Redis connection to 127.0.0.1:6379 failed - connect ECONNREFUSED 127.0.0.1:6379
Redis error: Error: Redis connection to 127.0.0.1:6379 failed - connect ECONNREFUSED 127.0.0.1:6379
Redis error: Error: Redis connection to 127.0.0.1:6379 failed - connect ECONNREFUSED 127.0.0.1:6379
[ boKGt214c6kYTUXiAAAw: 'unknown' ]
[ boKGt214c6kYTUXiAAAw: 'unknown', xTxOvUWqjoOf4AU5AAAx: 'unknown' ]
[ BYJ_3TaAMtta5tz0AAA1: 'unknown' ]
[ BYJ_3TaAMtta5tz0AAA1: 'unknown', PS03Y7kx717q9NHaAAA2: 'unknown' ]
[ uWtp7SN1LyFN2KqBAAA3: 'unknown' ]
[ '-OO1mNFpBUK0GlFUAAA4': 'unknown' ]
[ DhKM4K8dWIOsOzNWAAA5: 'unknown' ]
[ Cw_j9JQQyChVuiobAAA7: 'unknown' ]
[ Bl3ktM2CBj6QuVODAAA9: 'unknown' ]
[ '8l8OPIKtP4QdAMy_AAA-': 'unknown' ]
[
  '8l8OPIKtP4QdAMy_AAA-': 'unknown',
  'VdeautpsgY-DW31kAAA_': 'unknown'
]
[ '8l8OPIKtP4QdAMy_AAA-': 'unknown', RDA8DnJeStHg3DxvAABA: 'unknown' ]
[
  '8l8OPIKtP4QdAMy_AAA-': 'unknown',
  RDA8DnJeStHg3DxvAABA: 'unknown',
  'tbgz-S7fjpqmlBu6AABB': 'unknown'
]
[ m_0EsZ0dgUaSs3YKAABj: 'unknown' ]
[ m_0EsZ0dgUaSs3YKAABj: 'unknown', hhEpFM87rZnYrxPpAABk: 'unknown' ]
[
  m_0EsZ0dgUaSs3YKAABj: 'unknown',
  hhEpFM87rZnYrxPpAABk: 'unknown',
  GlaycOImecKkiAdiAABl: 'unknown'
]
[
  m_0EsZ0dgUaSs3YKAABj: 'unknown',
  hhEpFM87rZnYrxPpAABk: 'unknown',
  GlaycOImecKkiAdiAABl: 'unknown',
  'xVI9Nesl1uIUZz-vAABm': 'unknown'
]
[
  m_0EsZ0dgUaSs3YKAABj: 'unknown',
  hhEpFM87rZnYrxPpAABk: 'unknown',
  GlaycOImecKkiAdiAABl: 'unknown',
  'xVI9Nesl1uIUZz-vAABm': 'unknown',
  VO_TQZEt1k25lEyYAABn: 'unknown'
]
[ odjQDUJ2CSM4gIDqAABw: 'unknown' ]
[ jDslGXrD7IIMVjTSAAB2: 'unknown' ]
[ jDslGXrD7IIMVjTSAAB2: 'unknown', 'rqI-zgmNNokScHzmAAB3': 'unknown' ]
[ 'DG2xuvJLPN3NaX9qAAB-': 'unknown' ]
[ 'DG2xuvJLPN3NaX9qAAB-': 'unknown', xLjk7WZGE9QefrV7AAB_: 'unknown' ]
[ dFQgSZEeXD1c3mfLAACA: 'unknown' ]
[ 'kUl9b-pY-hqA7JynAACB': 'unknown' ]
[ 'kUl9b-pY-hqA7JynAACB': 'unknown', zSCOHx9fIjKSFSGdAACC: 'unknown' ]
[
  'kUl9b-pY-hqA7JynAACB': 'unknown',
  'W-5YzF7Kh9XiTcxNAACD': 'unknown'
]
[ _0K5AlyrnkItfSfrAACI: 'unknown' ]
[ _0K5AlyrnkItfSfrAACI: 'unknown', HWvRYwBMUbBKapXtAACJ: 'unknown' ]
[ HWvRYwBMUbBKapXtAACJ: 'unknown', EAKTM1l85MwkveMwAACK: 'unknown' ]
[
  HWvRYwBMUbBKapXtAACJ: 'unknown',
  EAKTM1l85MwkveMwAACK: 'unknown',
  MEM3H0cX1xMCA71dAACL: 'unknown'
]
[
  HWvRYwBMUbBKapXtAACJ: 'unknown',
  EAKTM1l85MwkveMwAACK: 'unknown',
  MEM3H0cX1xMCA71dAACL: 'unknown',
  ii1t4rblB2ERGJwKAACM: 'unknown'
]
[
  HWvRYwBMUbBKapXtAACJ: 'unknown',
  EAKTM1l85MwkveMwAACK: 'unknown',
  MEM3H0cX1xMCA71dAACL: 'unknown',
  ii1t4rblB2ERGJwKAACM: 'unknown',
  KaNcyoGiwyqC5kfBAACN: 'unknown'
]
[
  HWvRYwBMUbBKapXtAACJ: 'unknown',
  EAKTM1l85MwkveMwAACK: 'unknown',
  MEM3H0cX1xMCA71dAACL: 'unknown',
  '7tvrsxAZrOTuRhXuAACO': 'unknown'
]
[
  HWvRYwBMUbBKapXtAACJ: 'unknown',
  EAKTM1l85MwkveMwAACK: 'unknown',
  MEM3H0cX1xMCA71dAACL: 'unknown',
  '7tvrsxAZrOTuRhXuAACO': 'unknown',
  '9184s1TpDJ4C2Hy_AACP': 'unknown'
]
[
  HWvRYwBMUbBKapXtAACJ: 'unknown',
  EAKTM1l85MwkveMwAACK: 'unknown',
  MEM3H0cX1xMCA71dAACL: 'unknown',
  '7tvrsxAZrOTuRhXuAACO': 'unknown',
  '9184s1TpDJ4C2Hy_AACP': 'unknown',
  'wcj2TQ5DmqLqICm-AACQ': 'unknown'
]
[
  HWvRYwBMUbBKapXtAACJ: 'unknown',
  EAKTM1l85MwkveMwAACK: 'unknown',
  MEM3H0cX1xMCA71dAACL: 'unknown',
  '7tvrsxAZrOTuRhXuAACO': 'unknown',
  'wcj2TQ5DmqLqICm-AACQ': 'unknown',
  OmymrwA5HfydCwLFAACR: 'unknown'
]
[
  HWvRYwBMUbBKapXtAACJ: 'unknown',
  EAKTM1l85MwkveMwAACK: 'unknown',
  MEM3H0cX1xMCA71dAACL: 'unknown',
  '7tvrsxAZrOTuRhXuAACO': 'unknown',
  'wcj2TQ5DmqLqICm-AACQ': 'unknown',
  OmymrwA5HfydCwLFAACR: 'unknown',
  vnrtiP7hhBqbtNboAACS: 'unknown'
]
[
  HWvRYwBMUbBKapXtAACJ: 'unknown',
  EAKTM1l85MwkveMwAACK: 'unknown',
  MEM3H0cX1xMCA71dAACL: 'unknown',
  '7tvrsxAZrOTuRhXuAACO': 'unknown',
  'wcj2TQ5DmqLqICm-AACQ': 'unknown',
  OmymrwA5HfydCwLFAACR: 'unknown',
  vnrtiP7hhBqbtNboAACS: 'unknown',
  OagFcflykIc7hefZAACT: 'unknown'
]
[
  HWvRYwBMUbBKapXtAACJ: 'unknown',
  EAKTM1l85MwkveMwAACK: 'unknown',
  MEM3H0cX1xMCA71dAACL: 'unknown',
  '7tvrsxAZrOTuRhXuAACO': 'unknown',
  'wcj2TQ5DmqLqICm-AACQ': 'unknown',
  OmymrwA5HfydCwLFAACR: 'unknown',
  vnrtiP7hhBqbtNboAACS: 'unknown',
  OagFcflykIc7hefZAACT: 'unknown',
  hIHm2HL8DN0ev1DQAACU: 'unknown'
]
[
  HWvRYwBMUbBKapXtAACJ: 'unknown',
  EAKTM1l85MwkveMwAACK: 'unknown',
  MEM3H0cX1xMCA71dAACL: 'unknown',
  '7tvrsxAZrOTuRhXuAACO': 'unknown',
  'wcj2TQ5DmqLqICm-AACQ': 'unknown',
  OmymrwA5HfydCwLFAACR: 'unknown',
  vnrtiP7hhBqbtNboAACS: 'unknown',
  OagFcflykIc7hefZAACT: 'unknown',
  hIHm2HL8DN0ev1DQAACU: 'unknown',
  _nGl9HpBxfvgW7KJAACV: 'unknown'
]
[
  HWvRYwBMUbBKapXtAACJ: 'unknown',
  EAKTM1l85MwkveMwAACK: 'unknown',
  MEM3H0cX1xMCA71dAACL: 'unknown',
  '7tvrsxAZrOTuRhXuAACO': 'unknown',
  'wcj2TQ5DmqLqICm-AACQ': 'unknown',
  OmymrwA5HfydCwLFAACR: 'unknown',
  vnrtiP7hhBqbtNboAACS: 'unknown',
  OagFcflykIc7hefZAACT: 'unknown',
  hIHm2HL8DN0ev1DQAACU: 'unknown',
  _nGl9HpBxfvgW7KJAACV: 'unknown',
  'LLCUq8OBGE8FYUU-AACW': 'unknown'
]
[
  HWvRYwBMUbBKapXtAACJ: 'unknown',
  EAKTM1l85MwkveMwAACK: 'unknown',
  MEM3H0cX1xMCA71dAACL: 'unknown',
  'wcj2TQ5DmqLqICm-AACQ': 'unknown',
  OmymrwA5HfydCwLFAACR: 'unknown',
  vnrtiP7hhBqbtNboAACS: 'unknown',
  OagFcflykIc7hefZAACT: 'unknown',
  hIHm2HL8DN0ev1DQAACU: 'unknown',
  _nGl9HpBxfvgW7KJAACV: 'unknown',
  'LLCUq8OBGE8FYUU-AACW': 'unknown',
  gcHRxYDAdk_vPcmfAACX: 'unknown'
]
[
  HWvRYwBMUbBKapXtAACJ: 'unknown',
  EAKTM1l85MwkveMwAACK: 'unknown',
  MEM3H0cX1xMCA71dAACL: 'unknown',
  'wcj2TQ5DmqLqICm-AACQ': 'unknown',
  OmymrwA5HfydCwLFAACR: 'unknown',
  vnrtiP7hhBqbtNboAACS: 'unknown',
  OagFcflykIc7hefZAACT: 'unknown',
  hIHm2HL8DN0ev1DQAACU: 'unknown',
  _nGl9HpBxfvgW7KJAACV: 'unknown',
  'LLCUq8OBGE8FYUU-AACW': 'unknown',
  gcHRxYDAdk_vPcmfAACX: 'unknown',
  'lRy0ZS1-E819xBAPAACY': 'unknown'
]
[
  HWvRYwBMUbBKapXtAACJ: 'unknown',
  EAKTM1l85MwkveMwAACK: 'unknown',
  MEM3H0cX1xMCA71dAACL: 'unknown',
  'wcj2TQ5DmqLqICm-AACQ': 'unknown',
  OmymrwA5HfydCwLFAACR: 'unknown',
  vnrtiP7hhBqbtNboAACS: 'unknown',
  OagFcflykIc7hefZAACT: 'unknown',
  hIHm2HL8DN0ev1DQAACU: 'unknown',
  _nGl9HpBxfvgW7KJAACV: 'unknown',
  'LLCUq8OBGE8FYUU-AACW': 'unknown',
  gcHRxYDAdk_vPcmfAACX: 'unknown',
  '5F1iItHVLLbhF7ehAACZ': 'unknown'
]
[
  HWvRYwBMUbBKapXtAACJ: 'unknown',
  EAKTM1l85MwkveMwAACK: 'unknown',
  MEM3H0cX1xMCA71dAACL: 'unknown',
  'wcj2TQ5DmqLqICm-AACQ': 'unknown',
  OmymrwA5HfydCwLFAACR: 'unknown',
  vnrtiP7hhBqbtNboAACS: 'unknown',
  OagFcflykIc7hefZAACT: 'unknown',
  hIHm2HL8DN0ev1DQAACU: 'unknown',
  _nGl9HpBxfvgW7KJAACV: 'unknown',
  'LLCUq8OBGE8FYUU-AACW': 'unknown',
  gcHRxYDAdk_vPcmfAACX: 'unknown',
  '5F1iItHVLLbhF7ehAACZ': 'unknown',
  fmHni3W3OT32haHaAACb: 'unknown'
]
[
  HWvRYwBMUbBKapXtAACJ: 'unknown',
  EAKTM1l85MwkveMwAACK: 'unknown',
  MEM3H0cX1xMCA71dAACL: 'unknown',
  'wcj2TQ5DmqLqICm-AACQ': 'unknown',
  OmymrwA5HfydCwLFAACR: 'unknown',
  vnrtiP7hhBqbtNboAACS: 'unknown',
  OagFcflykIc7hefZAACT: 'unknown',
  hIHm2HL8DN0ev1DQAACU: 'unknown',
  _nGl9HpBxfvgW7KJAACV: 'unknown',
  'LLCUq8OBGE8FYUU-AACW': 'unknown',
  gcHRxYDAdk_vPcmfAACX: 'unknown',
  '5F1iItHVLLbhF7ehAACZ': 'unknown',
  fmHni3W3OT32haHaAACb: 'unknown',
  cR__nTxvwJLBpVcHAACc: 'unknown'
]
[
  HWvRYwBMUbBKapXtAACJ: 'unknown',
  EAKTM1l85MwkveMwAACK: 'unknown',
  MEM3H0cX1xMCA71dAACL: 'unknown',
  'wcj2TQ5DmqLqICm-AACQ': 'unknown',
  OmymrwA5HfydCwLFAACR: 'unknown',
  vnrtiP7hhBqbtNboAACS: 'unknown',
  OagFcflykIc7hefZAACT: 'unknown',
  hIHm2HL8DN0ev1DQAACU: 'unknown',
  _nGl9HpBxfvgW7KJAACV: 'unknown',
  'LLCUq8OBGE8FYUU-AACW': 'unknown',
  gcHRxYDAdk_vPcmfAACX: 'unknown',
  '5F1iItHVLLbhF7ehAACZ': 'unknown',
  fmHni3W3OT32haHaAACb: 'unknown',
  cR__nTxvwJLBpVcHAACc: 'unknown',
  '1KQtEeHmoP3XoFcEAACd': 'unknown'
]
[
  HWvRYwBMUbBKapXtAACJ: 'unknown',
  EAKTM1l85MwkveMwAACK: 'unknown',
  MEM3H0cX1xMCA71dAACL: 'unknown',
  'wcj2TQ5DmqLqICm-AACQ': 'unknown',
  OmymrwA5HfydCwLFAACR: 'unknown',
  vnrtiP7hhBqbtNboAACS: 'unknown',
  OagFcflykIc7hefZAACT: 'unknown',
  hIHm2HL8DN0ev1DQAACU: 'unknown',
  _nGl9HpBxfvgW7KJAACV: 'unknown',
  'LLCUq8OBGE8FYUU-AACW': 'unknown',
  gcHRxYDAdk_vPcmfAACX: 'unknown',
  '5F1iItHVLLbhF7ehAACZ': 'unknown',
  fmHni3W3OT32haHaAACb: 'unknown',
  '1KQtEeHmoP3XoFcEAACd': 'unknown',
  DMT1hv8OexOLTW2iAACe: 'unknown'
]
[
  HWvRYwBMUbBKapXtAACJ: 'unknown',
  EAKTM1l85MwkveMwAACK: 'unknown',
  MEM3H0cX1xMCA71dAACL: 'unknown',
  'wcj2TQ5DmqLqICm-AACQ': 'unknown',
  OmymrwA5HfydCwLFAACR: 'unknown',
  vnrtiP7hhBqbtNboAACS: 'unknown',
  OagFcflykIc7hefZAACT: 'unknown',
  hIHm2HL8DN0ev1DQAACU: 'unknown',
  _nGl9HpBxfvgW7KJAACV: 'unknown',
  'LLCUq8OBGE8FYUU-AACW': 'unknown',
  gcHRxYDAdk_vPcmfAACX: 'unknown',
  '5F1iItHVLLbhF7ehAACZ': 'unknown',
  fmHni3W3OT32haHaAACb: 'unknown',
  '1KQtEeHmoP3XoFcEAACd': 'unknown',
  DMT1hv8OexOLTW2iAACe: 'unknown',
  _yH730ie2txwp5a2AACf: 'unknown'
]
[
  HWvRYwBMUbBKapXtAACJ: 'unknown',
  EAKTM1l85MwkveMwAACK: 'unknown',
  MEM3H0cX1xMCA71dAACL: 'unknown',
  'wcj2TQ5DmqLqICm-AACQ': 'unknown',
  OmymrwA5HfydCwLFAACR: 'unknown',
  vnrtiP7hhBqbtNboAACS: 'unknown',
  OagFcflykIc7hefZAACT: 'unknown',
  hIHm2HL8DN0ev1DQAACU: 'unknown',
  _nGl9HpBxfvgW7KJAACV: 'unknown',
  'LLCUq8OBGE8FYUU-AACW': 'unknown',
  gcHRxYDAdk_vPcmfAACX: 'unknown',
  '5F1iItHVLLbhF7ehAACZ': 'unknown',
  fmHni3W3OT32haHaAACb: 'unknown',
  '1KQtEeHmoP3XoFcEAACd': 'unknown',
  DMT1hv8OexOLTW2iAACe: 'unknown',
  _yH730ie2txwp5a2AACf: 'unknown',
  CVH2qnDiy8Jis_eaAACg: 'unknown'
]
[
  HWvRYwBMUbBKapXtAACJ: 'unknown',
  EAKTM1l85MwkveMwAACK: 'unknown',
  MEM3H0cX1xMCA71dAACL: 'unknown',
  'wcj2TQ5DmqLqICm-AACQ': 'unknown',
  OmymrwA5HfydCwLFAACR: 'unknown',
  vnrtiP7hhBqbtNboAACS: 'unknown',
  OagFcflykIc7hefZAACT: 'unknown',
  hIHm2HL8DN0ev1DQAACU: 'unknown',
  _nGl9HpBxfvgW7KJAACV: 'unknown',
  'LLCUq8OBGE8FYUU-AACW': 'unknown',
  gcHRxYDAdk_vPcmfAACX: 'unknown',
  '5F1iItHVLLbhF7ehAACZ': 'unknown',
  fmHni3W3OT32haHaAACb: 'unknown',
  '1KQtEeHmoP3XoFcEAACd': 'unknown',
  DMT1hv8OexOLTW2iAACe: 'unknown',
  _yH730ie2txwp5a2AACf: 'unknown',
  CVH2qnDiy8Jis_eaAACg: 'unknown',
  QpYOaX1k8U4aYU1xAACh: 'unknown'
]
[
  hIHm2HL8DN0ev1DQAACU: 'unknown',
  '1KQtEeHmoP3XoFcEAACd': 'unknown',
  QpYOaX1k8U4aYU1xAACh: 'unknown',
  zJPwlzHmwXguwiQJAAC5: 'unknown'
]
[ kAWuV8VK1ZxghjbsAADE: 'unknown' ]
[ '8zs911a6h3UsdG73AADK': 'unknown' ]
[ hY8xX1xtNkUfd4iPAADM: 'unknown' ]
[ 'dbPD-T-eGxOJCYWhAADU': 'unknown' ]
[ xlrOnh1EjRaByksBAADY: 'unknown' ]
[ xlrOnh1EjRaByksBAADY: 'unknown', se9U88IWbvuM38YUAADZ: 'unknown' ]
[
  xlrOnh1EjRaByksBAADY: 'unknown',
  se9U88IWbvuM38YUAADZ: 'unknown',
  ew6rrEqSV0_lqlUzAADa: 'unknown'
]
[
  xlrOnh1EjRaByksBAADY: 'unknown',
  se9U88IWbvuM38YUAADZ: 'unknown',
  ew6rrEqSV0_lqlUzAADa: 'unknown',
  jO4F8LQ3IfxGlg65AADb: 'unknown'
]
[
  xlrOnh1EjRaByksBAADY: 'unknown',
  se9U88IWbvuM38YUAADZ: 'unknown',
  ew6rrEqSV0_lqlUzAADa: 'unknown',
  jO4F8LQ3IfxGlg65AADb: 'unknown',
  '6f1-nJhPe8xCJcDGAADc': 'unknown'
]
[
  xlrOnh1EjRaByksBAADY: 'unknown',
  se9U88IWbvuM38YUAADZ: 'unknown',
  ew6rrEqSV0_lqlUzAADa: 'unknown',
  jO4F8LQ3IfxGlg65AADb: 'unknown',
  '6f1-nJhPe8xCJcDGAADc': 'unknown',
  PNJs1mWnJzQQHdvkAADd: 'unknown'
]
[
  xlrOnh1EjRaByksBAADY: 'unknown',
  se9U88IWbvuM38YUAADZ: 'unknown',
  ew6rrEqSV0_lqlUzAADa: 'unknown',
  jO4F8LQ3IfxGlg65AADb: 'unknown',
  '6f1-nJhPe8xCJcDGAADc': 'unknown',
  PNJs1mWnJzQQHdvkAADd: 'unknown',
  Tlo3wohAATLAuPPGAADe: 'unknown'
]
[
  xlrOnh1EjRaByksBAADY: 'unknown',
  se9U88IWbvuM38YUAADZ: 'unknown',
  ew6rrEqSV0_lqlUzAADa: 'unknown',
  jO4F8LQ3IfxGlg65AADb: 'unknown',
  '6f1-nJhPe8xCJcDGAADc': 'unknown',
  PNJs1mWnJzQQHdvkAADd: 'unknown',
  Tlo3wohAATLAuPPGAADe: 'unknown',
  paCkP4W9MIgkwEfJAADf: 'unknown'
]
[
  xlrOnh1EjRaByksBAADY: 'unknown',
  se9U88IWbvuM38YUAADZ: 'unknown',
  ew6rrEqSV0_lqlUzAADa: 'unknown',
  jO4F8LQ3IfxGlg65AADb: 'unknown',
  '6f1-nJhPe8xCJcDGAADc': 'unknown',
  PNJs1mWnJzQQHdvkAADd: 'unknown',
  Tlo3wohAATLAuPPGAADe: 'unknown',
  paCkP4W9MIgkwEfJAADf: 'unknown',
  scGkMQDVK91oJ_7jAADg: 'unknown'
]
[
  xlrOnh1EjRaByksBAADY: 'unknown',
  se9U88IWbvuM38YUAADZ: 'unknown',
  ew6rrEqSV0_lqlUzAADa: 'unknown',
  jO4F8LQ3IfxGlg65AADb: 'unknown',
  '6f1-nJhPe8xCJcDGAADc': 'unknown',
  PNJs1mWnJzQQHdvkAADd: 'unknown',
  Tlo3wohAATLAuPPGAADe: 'unknown',
  paCkP4W9MIgkwEfJAADf: 'unknown',
  scGkMQDVK91oJ_7jAADg: 'unknown',
  'cmr67vJZxjZ-rz6XAADh': 'unknown'
]
[
  xlrOnh1EjRaByksBAADY: 'unknown',
  se9U88IWbvuM38YUAADZ: 'unknown',
  ew6rrEqSV0_lqlUzAADa: 'unknown',
  jO4F8LQ3IfxGlg65AADb: 'unknown',
  '6f1-nJhPe8xCJcDGAADc': 'unknown',
  PNJs1mWnJzQQHdvkAADd: 'unknown',
  Tlo3wohAATLAuPPGAADe: 'unknown',
  paCkP4W9MIgkwEfJAADf: 'unknown',
  scGkMQDVK91oJ_7jAADg: 'unknown',
  'cmr67vJZxjZ-rz6XAADh': 'unknown',
  VIDErMRE7_FfqOmhAADi: 'unknown'
]
[
  xlrOnh1EjRaByksBAADY: 'unknown',
  se9U88IWbvuM38YUAADZ: 'unknown',
  ew6rrEqSV0_lqlUzAADa: 'unknown',
  jO4F8LQ3IfxGlg65AADb: 'unknown',
  '6f1-nJhPe8xCJcDGAADc': 'unknown',
  PNJs1mWnJzQQHdvkAADd: 'unknown',
  Tlo3wohAATLAuPPGAADe: 'unknown',
  paCkP4W9MIgkwEfJAADf: 'unknown',
  scGkMQDVK91oJ_7jAADg: 'unknown',
  'cmr67vJZxjZ-rz6XAADh': 'unknown',
  VIDErMRE7_FfqOmhAADi: 'unknown',
  BHrwRQ2tXkIFd7cCAADj: 'unknown'
]
[
  xlrOnh1EjRaByksBAADY: 'unknown',
  se9U88IWbvuM38YUAADZ: 'unknown',
  ew6rrEqSV0_lqlUzAADa: 'unknown',
  jO4F8LQ3IfxGlg65AADb: 'unknown',
  '6f1-nJhPe8xCJcDGAADc': 'unknown',
  PNJs1mWnJzQQHdvkAADd: 'unknown',
  Tlo3wohAATLAuPPGAADe: 'unknown',
  paCkP4W9MIgkwEfJAADf: 'unknown',
  scGkMQDVK91oJ_7jAADg: 'unknown',
  'cmr67vJZxjZ-rz6XAADh': 'unknown',
  VIDErMRE7_FfqOmhAADi: 'unknown',
  BHrwRQ2tXkIFd7cCAADj: 'unknown',
  GKkcNoaEkOUtWTOJAADk: 'unknown'
]
[
  xlrOnh1EjRaByksBAADY: 'unknown',
  se9U88IWbvuM38YUAADZ: 'unknown',
  ew6rrEqSV0_lqlUzAADa: 'unknown',
  jO4F8LQ3IfxGlg65AADb: 'unknown',
  '6f1-nJhPe8xCJcDGAADc': 'unknown',
  PNJs1mWnJzQQHdvkAADd: 'unknown',
  Tlo3wohAATLAuPPGAADe: 'unknown',
  paCkP4W9MIgkwEfJAADf: 'unknown',
  scGkMQDVK91oJ_7jAADg: 'unknown',
  'cmr67vJZxjZ-rz6XAADh': 'unknown',
  VIDErMRE7_FfqOmhAADi: 'unknown',
  BHrwRQ2tXkIFd7cCAADj: 'unknown',
  '770KNFJRbf-DW7GBAADl': 'unknown'
]
Redis error: Error: Redis connection to 127.0.0.1:6379 failed - connect ECONNREFUSED 127.0.0.1:6379
Redis error: Error: Redis connection to 127.0.0.1:6379 failed - connect ECONNREFUSED 127.0.0.1:6379
Redis error: Error: Redis connection to 127.0.0.1:6379 failed - connect ECONNREFUSED 127.0.0.1:6379
Redis error: Error: Redis connection to 127.0.0.1:6379 failed - connect ECONNREFUSED 127.0.0.1:6379
Redis error: Error: Redis connection to 127.0.0.1:6379 failed - connect ECONNREFUSED 127.0.0.1:6379
Redis error: Error: Redis connection to 127.0.0.1:6379 failed - connect ECONNREFUSED 127.0.0.1:6379
[ '3XJefg8chnvsSr2IAAD5': 'unknown' ]
[ 'ItdWU-almgdvwUmiAAEZ': 'unknown' ]
[ '_7_IoXEp-O4W4tEVAAEa': 'unknown' ]
[ '6E0ZfG_GclOFqNurAAEh': 'unknown' ]
[ isjJd4_M8DkdNPOKAAEi: 'unknown' ]
[ 'g-EtYi60Na6X4eZKAAEj': 'unknown' ]
[ 'g-EtYi60Na6X4eZKAAEj': 'FREDERIC' ]
[ '05nKiGLv5dt_8tVuAAEm': 'FREDERIC' ]
[ '3XoXj5r7xnbeMgPQAAEn': 'FREDERIC' ]
[ nn77yTXc3ij6ulupAAEw: 'unknown' ]
[ JWZPadp_WeQaAqNKAAE3: 'unknown' ]
[ '7aGndYvxjMzhB6ObAAE_': 'unknown' ]
[ F1WhPaZuE4u0Ea6rAAFA: 'unknown' ]
[ 'L58uqqVe1_Gw_U-YAAFB': 'unknown' ]
[ NygSYDDssTBWKXukAAFC: 'unknown' ]
[ 'knuyu0-f9P7fMD7EAAFD': 'unknown' ]
[ 'XUKq05hblc-vMH0bAAFE': 'unknown' ]
[ k6Xacn1rS01iyJOpAAFF: 'unknown' ]
[ MSH1CcBJC_DPOYVjAAFG: 'unknown' ]
[ '70n1QX4u3MCEgrGAAAFH': 'unknown' ]
[
  '70n1QX4u3MCEgrGAAAFH': 'unknown',
  '1kwU5SIziGZXNxZMAAFI': 'unknown'
]
[ '1kwU5SIziGZXNxZMAAFI': 'unknown', w3zB2AajTREwlV0PAAFJ: 'unknown' ]
[ w3zB2AajTREwlV0PAAFJ: 'unknown', 'uvctnKQn-huTRJ0TAAFK': 'unknown' ]
[
  w3zB2AajTREwlV0PAAFJ: 'unknown',
  'uvctnKQn-huTRJ0TAAFK': 'Frederic DAUMAS'
]
[ w3zB2AajTREwlV0PAAFJ: 'unknown', 'uvctnKQn-huTRJ0TAAFK': 'UPPERION' ]
[
  w3zB2AajTREwlV0PAAFJ: 'unknown',
  'uvctnKQn-huTRJ0TAAFK': 'UPPERION',
  RLpBTxkpW2L8GMuLAAFL: 'unknown'
]
[
  'uvctnKQn-huTRJ0TAAFK': 'UPPERION',
  RLpBTxkpW2L8GMuLAAFL: 'unknown',
  '6GT4SnktEscdPGsrAAFM': 'unknown'
]
[
  'uvctnKQn-huTRJ0TAAFK': 'UPPERION',
  RLpBTxkpW2L8GMuLAAFL: 'unknown',
  '6GT4SnktEscdPGsrAAFM': 'unknown',
  b7MseT1GqKg1SRnKAAFN: 'unknown'
]
[
  'uvctnKQn-huTRJ0TAAFK': 'UPPERION',
  RLpBTxkpW2L8GMuLAAFL: 'unknown',
  '6GT4SnktEscdPGsrAAFM': 'unknown',
  b7MseT1GqKg1SRnKAAFN: 'unknown',
  U_gujBS1Mz3Wosu8AAFO: 'unknown'
]
[
  'uvctnKQn-huTRJ0TAAFK': 'UPPERION',
  RLpBTxkpW2L8GMuLAAFL: 'unknown',
  '6GT4SnktEscdPGsrAAFM': 'unknown',
  b7MseT1GqKg1SRnKAAFN: 'unknown',
  U_gujBS1Mz3Wosu8AAFO: 'unknown',
  '6QWqhvsAeoPXo8cpAAFP': 'unknown'
]
[
  'uvctnKQn-huTRJ0TAAFK': 'UPPERION',
  '9dbDcQNAKPVTmb_EAAFV': 'unknown'
]
[
  'uvctnKQn-huTRJ0TAAFK': 'UPPERION',
  '9dbDcQNAKPVTmb_EAAFV': 'unknown',
  fPt5nrMDt_bVG3HOAAFW: 'unknown'
]
[
  'uvctnKQn-huTRJ0TAAFK': 'UPPERION',
  '9dbDcQNAKPVTmb_EAAFV': 'unknown',
  fPt5nrMDt_bVG3HOAAFW: 'unknown',
  Y7padRuV5INHl8VTAAFX: 'unknown'
]
[
  'uvctnKQn-huTRJ0TAAFK': 'UPPERION',
  '9dbDcQNAKPVTmb_EAAFV': 'unknown',
  fPt5nrMDt_bVG3HOAAFW: 'unknown',
  Y7padRuV5INHl8VTAAFX: 'unknown',
  '7QmqKqhAJ6aod8M6AAFY': 'unknown'
]
[
  'uvctnKQn-huTRJ0TAAFK': 'UPPERION',
  '9dbDcQNAKPVTmb_EAAFV': 'unknown',
  Y7padRuV5INHl8VTAAFX: 'unknown',
  JEUohYoMnraZSbwIAAFa: 'unknown'
]
[
  'uvctnKQn-huTRJ0TAAFK': 'UPPERION',
  '9dbDcQNAKPVTmb_EAAFV': 'unknown',
  Y7padRuV5INHl8VTAAFX: 'unknown',
  JEUohYoMnraZSbwIAAFa: 'unknown',
  vqYVw0XbjLwYg7OiAAFb: 'unknown'
]
[
  '9dbDcQNAKPVTmb_EAAFV': 'unknown',
  Y7padRuV5INHl8VTAAFX: 'unknown',
  JEUohYoMnraZSbwIAAFa: 'unknown',
  cMHm0qhM6jbaGU7oAAFd: 'unknown'
]
[
  '9dbDcQNAKPVTmb_EAAFV': 'unknown',
  JEUohYoMnraZSbwIAAFa: 'unknown',
  REH7pDvU77izzpptAAFf: 'unknown'
]
[ kfZaxhtU_5sVNPjVAAGV: 'unknown' ]
[ JYqVVT1oMpgk3uEvAAGW: 'unknown' ]
[ jxESzrqARha4mq2mAAGX: 'unknown' ]
[ jxESzrqARha4mq2mAAGX: 'Frederic' ]
[ 'dZqKTL3X6k-V4J7cAAGa': 'Frederic' ]
[ 'dZqKTL3X6k-V4J7cAAGa': 'Frederic', _yI8R6kQ5OujC2xPAAGb: 'unknown' ]
[
  'dZqKTL3X6k-V4J7cAAGa': 'Frederic',
  _yI8R6kQ5OujC2xPAAGb: 'unknown',
  'KWJAwF-weh7ZCsEgAAGc': 'unknown'
]
[
  'dZqKTL3X6k-V4J7cAAGa': 'Frederic',
  _yI8R6kQ5OujC2xPAAGb: 'unknown',
  'KWJAwF-weh7ZCsEgAAGc': 'unknown',
  '5oyuTrCnC2ehrYNRAAGd': 'unknown'
]
[
  'dZqKTL3X6k-V4J7cAAGa': 'Frederic',
  _yI8R6kQ5OujC2xPAAGb: 'unknown',
  'KWJAwF-weh7ZCsEgAAGc': 'unknown',
  '5oyuTrCnC2ehrYNRAAGd': 'unknown',
  'WNgyfzM6G48GHF-1AAGe': 'unknown'
]
[
  'dZqKTL3X6k-V4J7cAAGa': 'Frederic',
  _yI8R6kQ5OujC2xPAAGb: 'unknown',
  'KWJAwF-weh7ZCsEgAAGc': 'unknown',
  '5oyuTrCnC2ehrYNRAAGd': 'unknown',
  'WNgyfzM6G48GHF-1AAGe': 'unknown',
  'zqg1O6S-sExM0wguAAGf': 'unknown'
]
[
  'dZqKTL3X6k-V4J7cAAGa': 'Frederic',
  _yI8R6kQ5OujC2xPAAGb: 'unknown',
  'KWJAwF-weh7ZCsEgAAGc': 'unknown',
  '5oyuTrCnC2ehrYNRAAGd': 'unknown',
  'WNgyfzM6G48GHF-1AAGe': 'unknown',
  'zqg1O6S-sExM0wguAAGf': 'unknown',
  mBn__yr1EmfBXYTrAAGg: 'unknown'
]
[
  'dZqKTL3X6k-V4J7cAAGa': 'Frederic',
  _yI8R6kQ5OujC2xPAAGb: 'unknown',
  'KWJAwF-weh7ZCsEgAAGc': 'unknown',
  '5oyuTrCnC2ehrYNRAAGd': 'unknown',
  'WNgyfzM6G48GHF-1AAGe': 'unknown',
  'zqg1O6S-sExM0wguAAGf': 'unknown',
  mBn__yr1EmfBXYTrAAGg: 'unknown',
  'eGW-J2b7EZF6F0--AAGh': 'unknown'
]
[
  'dZqKTL3X6k-V4J7cAAGa': 'Frederic',
  _yI8R6kQ5OujC2xPAAGb: 'unknown',
  'KWJAwF-weh7ZCsEgAAGc': 'unknown',
  '5oyuTrCnC2ehrYNRAAGd': 'unknown',
  'WNgyfzM6G48GHF-1AAGe': 'unknown',
  'zqg1O6S-sExM0wguAAGf': 'unknown',
  mBn__yr1EmfBXYTrAAGg: 'unknown',
  'eGW-J2b7EZF6F0--AAGh': 'unknown',
  ndpBN3gHaVzUbiFwAAGi: 'unknown'
]
[
  'dZqKTL3X6k-V4J7cAAGa': 'Frederic',
  _yI8R6kQ5OujC2xPAAGb: 'unknown',
  'KWJAwF-weh7ZCsEgAAGc': 'unknown',
  '5oyuTrCnC2ehrYNRAAGd': 'unknown',
  'WNgyfzM6G48GHF-1AAGe': 'unknown',
  'zqg1O6S-sExM0wguAAGf': 'unknown',
  mBn__yr1EmfBXYTrAAGg: 'unknown',
  'eGW-J2b7EZF6F0--AAGh': 'unknown',
  ndpBN3gHaVzUbiFwAAGi: 'unknown',
  c5QOfDWUglLAoTKgAAGj: 'unknown'
]
[
  'dZqKTL3X6k-V4J7cAAGa': 'Frederic',
  _yI8R6kQ5OujC2xPAAGb: 'unknown',
  'KWJAwF-weh7ZCsEgAAGc': 'unknown',
  '5oyuTrCnC2ehrYNRAAGd': 'unknown',
  'WNgyfzM6G48GHF-1AAGe': 'unknown',
  'zqg1O6S-sExM0wguAAGf': 'unknown',
  mBn__yr1EmfBXYTrAAGg: 'unknown',
  'eGW-J2b7EZF6F0--AAGh': 'unknown',
  ndpBN3gHaVzUbiFwAAGi: 'unknown',
  c5QOfDWUglLAoTKgAAGj: 'unknown',
  E5q78IaRoCP8tslmAAGk: 'unknown'
]
[
  'dZqKTL3X6k-V4J7cAAGa': 'Frederic',
  _yI8R6kQ5OujC2xPAAGb: 'unknown',
  'KWJAwF-weh7ZCsEgAAGc': 'unknown',
  '5oyuTrCnC2ehrYNRAAGd': 'unknown',
  'WNgyfzM6G48GHF-1AAGe': 'unknown',
  'zqg1O6S-sExM0wguAAGf': 'unknown',
  'eGW-J2b7EZF6F0--AAGh': 'unknown',
  c5QOfDWUglLAoTKgAAGj: 'unknown',
  E5q78IaRoCP8tslmAAGk: 'unknown',
  GB0fso1hEM_ZNMeCAAGn: 'unknown'
]
[ rwOwF10b7JkLkcSdAAG_: 'unknown' ]
[ rwOwF10b7JkLkcSdAAG_: 'unknown', zT8wey2BIVYHEZwnAAHA: 'unknown' ]
[
  rwOwF10b7JkLkcSdAAG_: 'unknown',
  zT8wey2BIVYHEZwnAAHA: 'unknown',
  hRfuUFzgsxyJCxaMAAHB: 'unknown'
]
[
  rwOwF10b7JkLkcSdAAG_: 'unknown',
  zT8wey2BIVYHEZwnAAHA: 'unknown',
  hRfuUFzgsxyJCxaMAAHB: 'unknown',
  JASXXTVja8pZu2zdAAHC: 'unknown'
]
[
  rwOwF10b7JkLkcSdAAG_: 'unknown',
  zT8wey2BIVYHEZwnAAHA: 'unknown',
  hRfuUFzgsxyJCxaMAAHB: 'unknown',
  JASXXTVja8pZu2zdAAHC: 'unknown',
  '3xrKaG-MdusCTY_EAAHD': 'unknown'
]
[
  rwOwF10b7JkLkcSdAAG_: 'unknown',
  zT8wey2BIVYHEZwnAAHA: 'unknown',
  hRfuUFzgsxyJCxaMAAHB: 'unknown',
  JASXXTVja8pZu2zdAAHC: 'unknown',
  '3xrKaG-MdusCTY_EAAHD': 'unknown',
  '_CzX9nmAQ-yqyr-0AAHE': 'unknown'
]
[
  JASXXTVja8pZu2zdAAHC: 'unknown',
  '_CzX9nmAQ-yqyr-0AAHE': 'unknown',
  gkR1nILmoC7hAqSBAAHF: 'unknown'
]
[
  JASXXTVja8pZu2zdAAHC: 'unknown',
  '_CzX9nmAQ-yqyr-0AAHE': 'unknown',
  gkR1nILmoC7hAqSBAAHF: 'unknown',
  zL2_7T_6cTg33fk9AAHG: 'unknown'
]
[ '23lpls4wrd21f3kMAAHd': 'unknown' ]
[ tpCc7BQsdHSjJpCaAAJR: 'unknown' ]
